src/app/(dashboard)/categories/page.tsx(42,61): error TS2769: No overload matches this call.
  Overload 1 of 2, '(values: never, options?: { count?: "exact" | "planned" | "estimated" | undefined; } | undefined): PostgrestFilterBuilder<{ PostgrestVersion: "12"; }, never, never, null, "categories", never, "POST">', gave the following error.
    Argument of type '{ name: string; description: string | null; slug: string; }[]' is not assignable to parameter of type 'never'.
  Overload 2 of 2, '(values: never[], options?: { count?: "exact" | "planned" | "estimated" | undefined; defaultToNull?: boolean | undefined; } | undefined): PostgrestFilterBuilder<{ PostgrestVersion: "12"; }, never, never, null, "categories", never, "POST">', gave the following error.
    Type '{ name: string; description: string | null; slug: string; }' is not assignable to type 'never'.
src/app/(dashboard)/categories/page.tsx(63,68): error TS2345: Argument of type '{ name: string; description: string | null; }' is not assignable to parameter of type 'never'.
src/app/(dashboard)/customers/[id]/page.tsx(18,27): error TS2345: Argument of type 'ParamValue' is not assignable to parameter of type '{}'.
  Type 'undefined' is not assignable to type '{}'.
src/app/(dashboard)/inbound/InboundOrderModal.tsx(112,18): error TS2769: No overload matches this call.
  Overload 1 of 2, '(values: never, options?: { count?: "exact" | "planned" | "estimated" | undefined; } | undefined): PostgrestFilterBuilder<{ PostgrestVersion: "12"; }, never, never, null, any, never, "POST">', gave the following error.
    Argument of type '{ code: string; supplier_id: string; warehouse_name: string; description: string; status: string; type: string; }' is not assignable to parameter of type 'never'.
  Overload 2 of 2, '(values: never[], options?: { count?: "exact" | "planned" | "estimated" | undefined; defaultToNull?: boolean | undefined; } | undefined): PostgrestFilterBuilder<{ PostgrestVersion: "12"; }, never, never, null, any, never, "POST">', gave the following error.
    Object literal may only specify known properties, and 'code' does not exist in type 'never[]'.
src/app/(dashboard)/inbound/InboundOrderModal.tsx(128,33): error TS2339: Property 'id' does not exist on type 'never'.
src/app/(dashboard)/inbound/InboundOrderModal.tsx(139,25): error TS2769: No overload matches this call.
  Overload 1 of 2, '(values: never, options?: { count?: "exact" | "planned" | "estimated" | undefined; } | undefined): PostgrestFilterBuilder<{ PostgrestVersion: "12"; }, never, never, null, any, never, "POST">', gave the following error.
    Argument of type '{ order_id: any; product_id: string; product_name: string; unit: string; quantity: number; price: number; note: string; }[]' is not assignable to parameter of type 'never'.
  Overload 2 of 2, '(values: never[], options?: { count?: "exact" | "planned" | "estimated" | undefined; defaultToNull?: boolean | undefined; } | undefined): PostgrestFilterBuilder<{ PostgrestVersion: "12"; }, never, never, null, any, never, "POST">', gave the following error.
    Argument of type '{ order_id: any; product_id: string; product_name: string; unit: string; quantity: number; price: number; note: string; }[]' is not assignable to parameter of type 'never[]'.
      Type '{ order_id: any; product_id: string; product_name: string; unit: string; quantity: number; price: number; note: string; }' is not assignable to type 'never'.
src/app/(dashboard)/inventory/page.tsx(65,25): error TS2769: No overload matches this call.
  Overload 1 of 2, '(values: never, options?: { onConflict?: string | undefined; ignoreDuplicates?: boolean | undefined; count?: "exact" | "planned" | "estimated" | undefined; } | undefined): PostgrestFilterBuilder<{ ...; }, ... 5 more ..., "POST">', gave the following error.
    Argument of type '{ name: string; slug: string; description: string; }[]' is not assignable to parameter of type 'never'.
  Overload 2 of 2, '(values: never[], options?: { onConflict?: string | undefined; ignoreDuplicates?: boolean | undefined; count?: "exact" | "planned" | "estimated" | undefined; defaultToNull?: boolean | undefined; } | undefined): PostgrestFilterBuilder<...>', gave the following error.
    Argument of type '{ name: string; slug: string; description: string; }[]' is not assignable to parameter of type 'never[]'.
      Type '{ name: string; slug: string; description: string; }' is not assignable to type 'never'.
src/app/(dashboard)/inventory/page.tsx(73,23): error TS2339: Property 'slug' does not exist on type 'never'.
src/app/(dashboard)/inventory/page.tsx(73,38): error TS2339: Property 'slug' does not exist on type 'never'.
src/app/(dashboard)/inventory/page.tsx(73,48): error TS2339: Property 'id' does not exist on type 'never'.
src/app/(dashboard)/inventory/page.tsx(237,25): error TS2769: No overload matches this call.
  Overload 1 of 2, '(values: never, options?: { onConflict?: string | undefined; ignoreDuplicates?: boolean | undefined; count?: "exact" | "planned" | "estimated" | undefined; } | undefined): PostgrestFilterBuilder<{ ...; }, ... 5 more ..., "POST">', gave the following error.
    Argument of type '{ sku: string; name: string; category_id: string; part_number: string; price: number; unit: string; manufacturer: string; min_stock_level: number; is_active: boolean; }[]' is not assignable to parameter of type 'never'.
  Overload 2 of 2, '(values: never[], options?: { onConflict?: string | undefined; ignoreDuplicates?: boolean | undefined; count?: "exact" | "planned" | "estimated" | undefined; defaultToNull?: boolean | undefined; } | undefined): PostgrestFilterBuilder<...>', gave the following error.
    Argument of type '{ sku: string; name: string; category_id: string; part_number: string; price: number; unit: string; manufacturer: string; min_stock_level: number; is_active: boolean; }[]' is not assignable to parameter of type 'never[]'.
      Type '{ sku: string; name: string; category_id: string; part_number: string; price: number; unit: string; manufacturer: string; min_stock_level: number; is_active: boolean; }' is not assignable to type 'never'.
src/app/(dashboard)/operations/inbound/page.tsx(64,89): error TS2769: No overload matches this call.
  Overload 1 of 2, '(values: never, options?: { count?: "exact" | "planned" | "estimated" | undefined; } | undefined): PostgrestFilterBuilder<{ PostgrestVersion: "12"; }, never, never, null, "inventory_transactions", never, "POST">', gave the following error.
    Argument of type '{ product_id: string; to_position_id: string; from_position_id: null; quantity: number; type: string; notes: string; }[]' is not assignable to parameter of type 'never'.
  Overload 2 of 2, '(values: never[], options?: { count?: "exact" | "planned" | "estimated" | undefined; defaultToNull?: boolean | undefined; } | undefined): PostgrestFilterBuilder<{ PostgrestVersion: "12"; }, never, never, null, "inventory_transactions", never, "POST">', gave the following error.
    Type '{ product_id: string; to_position_id: string; from_position_id: null; quantity: number; type: string; notes: string; }' is not assignable to type 'never'.
src/app/(dashboard)/operations/inbound/page.tsx(85,29): error TS2345: Argument of type '{ quantity: any; updated_at: string; }' is not assignable to parameter of type 'never'.
src/app/(dashboard)/operations/inbound/page.tsx(85,53): error TS2339: Property 'quantity' does not exist on type 'never'.
src/app/(dashboard)/operations/inbound/page.tsx(86,43): error TS2339: Property 'id' does not exist on type 'never'.
src/app/(dashboard)/operations/inbound/page.tsx(91,22): error TS2769: No overload matches this call.
  Overload 1 of 2, '(values: never, options?: { count?: "exact" | "planned" | "estimated" | undefined; } | undefined): PostgrestFilterBuilder<{ PostgrestVersion: "12"; }, never, never, null, "inventory", never, "POST">', gave the following error.
    Argument of type '{ product_id: string; position_id: string; quantity: number; }[]' is not assignable to parameter of type 'never'.
  Overload 2 of 2, '(values: never[], options?: { count?: "exact" | "planned" | "estimated" | undefined; defaultToNull?: boolean | undefined; } | undefined): PostgrestFilterBuilder<{ PostgrestVersion: "12"; }, never, never, null, "inventory", never, "POST">', gave the following error.
    Type '{ product_id: string; position_id: string; quantity: number; }' is not assignable to type 'never'.
src/app/(dashboard)/operations/outbound/page.tsx(102,89): error TS2769: No overload matches this call.
  Overload 1 of 2, '(values: never, options?: { count?: "exact" | "planned" | "estimated" | undefined; } | undefined): PostgrestFilterBuilder<{ PostgrestVersion: "12"; }, never, never, null, "inventory_transactions", never, "POST">', gave the following error.
    Argument of type '{ product_id: string; from_position_id: string; to_position_id: null; quantity: number; type: string; notes: string; }[]' is not assignable to parameter of type 'never'.
  Overload 2 of 2, '(values: never[], options?: { count?: "exact" | "planned" | "estimated" | undefined; defaultToNull?: boolean | undefined; } | undefined): PostgrestFilterBuilder<{ PostgrestVersion: "12"; }, never, never, null, "inventory_transactions", never, "POST">', gave the following error.
    Type '{ product_id: string; from_position_id: string; to_position_id: null; quantity: number; type: string; notes: string; }' is not assignable to type 'never'.
src/app/(dashboard)/operations/outbound/page.tsx(115,25): error TS2345: Argument of type '{ quantity: number; updated_at: string; }' is not assignable to parameter of type 'never'.
src/app/(dashboard)/outbound/OutboundOrderModal.tsx(106,18): error TS2769: No overload matches this call.
  Overload 1 of 2, '(values: never, options?: { count?: "exact" | "planned" | "estimated" | undefined; } | undefined): PostgrestFilterBuilder<{ PostgrestVersion: "12"; }, never, never, null, any, never, "POST">', gave the following error.
    Argument of type '{ code: string; customer_name: string; warehouse_name: string; description: string; status: string; type: string; }' is not assignable to parameter of type 'never'.
  Overload 2 of 2, '(values: never[], options?: { count?: "exact" | "planned" | "estimated" | undefined; defaultToNull?: boolean | undefined; } | undefined): PostgrestFilterBuilder<{ PostgrestVersion: "12"; }, never, never, null, any, never, "POST">', gave the following error.
    Object literal may only specify known properties, and 'code' does not exist in type 'never[]'.
src/app/(dashboard)/outbound/OutboundOrderModal.tsx(122,33): error TS2339: Property 'id' does not exist on type 'never'.
src/app/(dashboard)/outbound/OutboundOrderModal.tsx(133,25): error TS2769: No overload matches this call.
  Overload 1 of 2, '(values: never, options?: { count?: "exact" | "planned" | "estimated" | undefined; } | undefined): PostgrestFilterBuilder<{ PostgrestVersion: "12"; }, never, never, null, any, never, "POST">', gave the following error.
    Argument of type '{ order_id: any; product_id: string; product_name: string; unit: string; quantity: number; price: number; note: string; }[]' is not assignable to parameter of type 'never'.
  Overload 2 of 2, '(values: never[], options?: { count?: "exact" | "planned" | "estimated" | undefined; defaultToNull?: boolean | undefined; } | undefined): PostgrestFilterBuilder<{ PostgrestVersion: "12"; }, never, never, null, any, never, "POST">', gave the following error.
    Argument of type '{ order_id: any; product_id: string; product_name: string; unit: string; quantity: number; price: number; note: string; }[]' is not assignable to parameter of type 'never[]'.
      Type '{ order_id: any; product_id: string; product_name: string; unit: string; quantity: number; price: number; note: string; }' is not assignable to type 'never'.
src/app/(dashboard)/reports/inventory-summary/page.tsx(29,106): error TS2345: Argument of type 'null' is not assignable to parameter of type '{}'.
src/app/(dashboard)/reports/inventory-summary/page.tsx(39,71): error TS2339: Property 'quantity' does not exist on type 'never'.
src/app/(dashboard)/reports/inventory-summary/page.tsx(43,61): error TS2339: Property 'zone_id' does not exist on type 'never'.
src/app/(dashboard)/reports/inventory-summary/page.tsx(43,75): error TS2339: Property 'id' does not exist on type 'never'.
src/app/(dashboard)/reports/inventory-summary/page.tsx(44,22): error TS2698: Spread types may only be created from object types.
src/app/(dashboard)/reports/inventory-summary/page.tsx(49,21): error TS2339: Property 'name' does not exist on type 'never'.
src/app/(dashboard)/reports/inventory-summary/page.tsx(50,22): error TS2339: Property 'products' does not exist on type 'never'.
src/app/(dashboard)/reports/inventory-summary/page.tsx(51,41): error TS2339: Property 'products' does not exist on type 'never'.
src/app/(dashboard)/reports/revenue/page.tsx(35,53): error TS2339: Property 'type' does not exist on type 'never'.
src/app/(dashboard)/reports/revenue/page.tsx(35,97): error TS2339: Property 'quantity' does not exist on type 'never'.
src/app/(dashboard)/reports/revenue/page.tsx(36,54): error TS2339: Property 'type' does not exist on type 'never'.
src/app/(dashboard)/reports/revenue/page.tsx(36,99): error TS2339: Property 'quantity' does not exist on type 'never'.
src/app/(dashboard)/reports/stock-alerts/page.tsx(37,38): error TS2339: Property 'inventory' does not exist on type 'never'.
src/app/(dashboard)/reports/stock-alerts/page.tsx(38,41): error TS2339: Property 'min_stock_level' does not exist on type 'never'.
src/app/(dashboard)/suppliers/[id]/page.tsx(21,27): error TS2345: Argument of type 'ParamValue' is not assignable to parameter of type '{}'.
  Type 'undefined' is not assignable to type '{}'.
src/app/(dashboard)/users/[id]/page.tsx(18,27): error TS2345: Argument of type 'ParamValue' is not assignable to parameter of type '{}'.
  Type 'undefined' is not assignable to type '{}'.
src/app/(dashboard)/users/page.tsx(59,21): error TS2345: Argument of type '{ is_active: boolean; }' is not assignable to parameter of type 'never'.
src/app/(dashboard)/users/roles/page.tsx(86,21): error TS2345: Argument of type '{ name: string; description: string | null; permissions: string[]; }' is not assignable to parameter of type 'never'.
src/app/(dashboard)/vehicles/[id]/page.tsx(21,27): error TS2345: Argument of type 'ParamValue' is not assignable to parameter of type '{}'.
  Type 'undefined' is not assignable to type '{}'.
src/app/(dashboard)/vehicles/page.tsx(31,52): error TS2339: Property 'brand' does not exist on type 'never'.
src/app/(dashboard)/warehouses/lots/page.tsx(89,38): error TS2339: Property 'code' does not exist on type 'never'.
src/app/(dashboard)/warehouses/lots/page.tsx(115,14): error TS2769: No overload matches this call.
  Overload 1 of 2, '(values: never, options?: { count?: "exact" | "planned" | "estimated" | undefined; } | undefined): PostgrestFilterBuilder<{ PostgrestVersion: "12"; }, never, never, null, "lots", never, "POST">', gave the following error.
    Argument of type '{ code: string; notes: string; product_id: string | null; supplier_id: string | null; inbound_date: string | null; batch_code: string | null; quantity: number; status: string; }' is not assignable to parameter of type 'never'.
  Overload 2 of 2, '(values: never[], options?: { count?: "exact" | "planned" | "estimated" | undefined; defaultToNull?: boolean | undefined; } | undefined): PostgrestFilterBuilder<{ PostgrestVersion: "12"; }, never, never, null, "lots", never, "POST">', gave the following error.
    Object literal may only specify known properties, and 'code' does not exist in type 'never[]'.
src/app/(dashboard)/warehouses/map/page.tsx(64,25): error TS2345: Argument of type '{ lot_id: string | null; }' is not assignable to parameter of type 'never'.
src/app/(dashboard)/warehouses/map/page.tsx(113,45): error TS2339: Property 'position_id' does not exist on type 'never'.
src/app/(dashboard)/warehouses/map/page.tsx(113,65): error TS2339: Property 'id' does not exist on type 'never'.
src/app/(dashboard)/warehouses/map/page.tsx(114,22): error TS2698: Spread types may only be created from object types.
src/app/(dashboard)/warehouses/map/page.tsx(114,43): error TS2339: Property 'zone_id' does not exist on type 'never'.
src/app/(dashboard)/warehouses/map/page.tsx(131,51): error TS2339: Property 'position_id' does not exist on type 'never'.
src/app/(dashboard)/warehouses/map/page.tsx(277,30): error TS2304: Cannot find name 'MapPin'.
src/app/(dashboard)/warehouses/map/page.tsx(290,44): error TS2304: Cannot find name 'router'.
src/app/(dashboard)/warehouses/map/page.tsx(296,44): error TS2304: Cannot find name 'router'.
src/components/customers/CustomerForm.tsx(71,29): error TS2345: Argument of type '{ contact_person: string | null; phone: string | null; email: string | null; address: string | null; tax_code: string | null; notes: string | null; code: string; name: string; is_active: boolean; }' is not assignable to parameter of type 'never'.
src/components/customers/CustomerForm.tsx(77,22): error TS2769: No overload matches this call.
  Overload 1 of 2, '(values: never, options?: { count?: "exact" | "planned" | "estimated" | undefined; } | undefined): PostgrestFilterBuilder<{ PostgrestVersion: "12"; }, never, never, null, "customers", never, "POST">', gave the following error.
    Argument of type '{ contact_person: string | null; phone: string | null; email: string | null; address: string | null; tax_code: string | null; notes: string | null; code: string; name: string; is_active: boolean; }[]' is not assignable to parameter of type 'never'.
  Overload 2 of 2, '(values: never[], options?: { count?: "exact" | "planned" | "estimated" | undefined; defaultToNull?: boolean | undefined; } | undefined): PostgrestFilterBuilder<{ PostgrestVersion: "12"; }, never, never, null, "customers", never, "POST">', gave the following error.
    Type '{ contact_person: string | null; phone: string | null; email: string | null; address: string | null; tax_code: string | null; notes: string | null; code: string; name: string; is_active: boolean; }' is not assignable to type 'never'.
src/components/inventory/ProductForm.tsx(103,49): error TS2339: Property 'vehicle_id' does not exist on type 'never'.
src/components/inventory/ProductForm.tsx(167,29): error TS2345: Argument of type '{ compatible_models: string[]; min_stock_level: number; cost_price: number; retail_price: number; wholesale_price: number; warranty_months: number; lead_time_days: number; weight_kg: number | null; ... 16 more ...; is_returnable: boolean; }' is not assignable to parameter of type 'never'.
src/components/inventory/ProductForm.tsx(173,22): error TS2769: No overload matches this call.
  Overload 1 of 2, '(values: never, options?: { count?: "exact" | "planned" | "estimated" | undefined; } | undefined): PostgrestFilterBuilder<{ PostgrestVersion: "12"; }, never, never, null, "products", never, "POST">', gave the following error.
    Argument of type '{ compatible_models: string[]; min_stock_level: number; cost_price: number; retail_price: number; wholesale_price: number; warranty_months: number; lead_time_days: number; weight_kg: number | null; ... 16 more ...; is_returnable: boolean; }[]' is not assignable to parameter of type 'never'.
  Overload 2 of 2, '(values: never[], options?: { count?: "exact" | "planned" | "estimated" | undefined; defaultToNull?: boolean | undefined; } | undefined): PostgrestFilterBuilder<{ PostgrestVersion: "12"; }, never, never, null, "products", never, "POST">', gave the following error.
    Type '{ compatible_models: string[]; min_stock_level: number; cost_price: number; retail_price: number; wholesale_price: number; warranty_months: number; lead_time_days: number; weight_kg: number | null; ... 16 more ...; is_returnable: boolean; }' is not assignable to type 'never'.
src/components/inventory/ProductForm.tsx(177,34): error TS2339: Property 'id' does not exist on type 'never'.
src/components/inventory/ProductForm.tsx(196,33): error TS2769: No overload matches this call.
  Overload 1 of 2, '(values: never, options?: { count?: "exact" | "planned" | "estimated" | undefined; } | undefined): PostgrestFilterBuilder<{ PostgrestVersion: "12"; }, never, never, null, "product_vehicle_compatibility", never, "POST">', gave the following error.
    Argument of type '{ product_id: string; vehicle_id: string; }[]' is not assignable to parameter of type 'never'.
  Overload 2 of 2, '(values: never[], options?: { count?: "exact" | "planned" | "estimated" | undefined; defaultToNull?: boolean | undefined; } | undefined): PostgrestFilterBuilder<{ PostgrestVersion: "12"; }, never, never, null, "product_vehicle_compatibility", never, "POST">', gave the following error.
    Argument of type '{ product_id: string; vehicle_id: string; }[]' is not assignable to parameter of type 'never[]'.
      Type '{ product_id: string; vehicle_id: string; }' is not assignable to type 'never'.
src/components/suppliers/SupplierForm.tsx(50,29): error TS2345: Argument of type '{ code: string; name: string; contact_person: string; phone: string; email: string; address: string; tax_code: string; notes: string; is_active: boolean; }' is not assignable to parameter of type 'never'.
src/components/suppliers/SupplierForm.tsx(56,22): error TS2769: No overload matches this call.
  Overload 1 of 2, '(values: never, options?: { count?: "exact" | "planned" | "estimated" | undefined; } | undefined): PostgrestFilterBuilder<{ PostgrestVersion: "12"; }, never, never, null, "suppliers", never, "POST">', gave the following error.
    Argument of type '{ code: string; name: string; contact_person: string; phone: string; email: string; address: string; tax_code: string; notes: string; is_active: boolean; }[]' is not assignable to parameter of type 'never'.
  Overload 2 of 2, '(values: never[], options?: { count?: "exact" | "planned" | "estimated" | undefined; defaultToNull?: boolean | undefined; } | undefined): PostgrestFilterBuilder<{ PostgrestVersion: "12"; }, never, never, null, "suppliers", never, "POST">', gave the following error.
    Type '{ code: string; name: string; contact_person: string; phone: string; email: string; address: string; tax_code: string; notes: string; is_active: boolean; }' is not assignable to type 'never'.
src/components/users/UserForm.tsx(75,29): error TS2345: Argument of type '{ employee_code: string | null; full_name: string; phone: string | null; email: string | null; role_id: string | null; department: string | null; is_active: boolean; }' is not assignable to parameter of type 'never'.
src/components/users/UserForm.tsx(113,30): error TS2769: No overload matches this call.
  Overload 1 of 2, '(values: never, options?: { count?: "exact" | "planned" | "estimated" | undefined; } | undefined): PostgrestFilterBuilder<{ PostgrestVersion: "12"; }, never, never, null, "user_profiles", never, "POST">', gave the following error.
    Argument of type '{ id: string; employee_code: string | null; full_name: string; phone: string | null; email: string; role_id: string | null; department: string | null; is_active: boolean; }[]' is not assignable to parameter of type 'never'.
  Overload 2 of 2, '(values: never[], options?: { count?: "exact" | "planned" | "estimated" | undefined; defaultToNull?: boolean | undefined; } | undefined): PostgrestFilterBuilder<{ PostgrestVersion: "12"; }, never, never, null, "user_profiles", never, "POST">', gave the following error.
    Type '{ id: string; employee_code: string | null; full_name: string; phone: string | null; email: string; role_id: string | null; department: string | null; is_active: boolean; }' is not assignable to type 'never'.
src/components/users/UserForm.tsx(130,26): error TS2769: No overload matches this call.
  Overload 1 of 2, '(values: never, options?: { count?: "exact" | "planned" | "estimated" | undefined; } | undefined): PostgrestFilterBuilder<{ PostgrestVersion: "12"; }, never, never, null, "user_profiles", never, "POST">', gave the following error.
    Argument of type '{ id: string; employee_code: string | null; full_name: string; phone: string | null; email: string; role_id: string | null; department: string | null; is_active: boolean; }[]' is not assignable to parameter of type 'never'.
  Overload 2 of 2, '(values: never[], options?: { count?: "exact" | "planned" | "estimated" | undefined; defaultToNull?: boolean | undefined; } | undefined): PostgrestFilterBuilder<{ PostgrestVersion: "12"; }, never, never, null, "user_profiles", never, "POST">', gave the following error.
    Type '{ id: string; employee_code: string | null; full_name: string; phone: string | null; email: string; role_id: string | null; department: string | null; is_active: boolean; }' is not assignable to type 'never'.
src/components/vehicles/VehicleForm.tsx(70,29): error TS2345: Argument of type '{ year_from: number | null; year_to: number | null; brand: string; model: string; engine_type: string; body_type: string; notes: string; }' is not assignable to parameter of type 'never'.
src/components/vehicles/VehicleForm.tsx(76,22): error TS2769: No overload matches this call.
  Overload 1 of 2, '(values: never, options?: { count?: "exact" | "planned" | "estimated" | undefined; } | undefined): PostgrestFilterBuilder<{ PostgrestVersion: "12"; }, never, never, null, "vehicles", never, "POST">', gave the following error.
    Argument of type '{ year_from: number | null; year_to: number | null; brand: string; model: string; engine_type: string; body_type: string; notes: string; }[]' is not assignable to parameter of type 'never'.
  Overload 2 of 2, '(values: never[], options?: { count?: "exact" | "planned" | "estimated" | undefined; defaultToNull?: boolean | undefined; } | undefined): PostgrestFilterBuilder<{ PostgrestVersion: "12"; }, never, never, null, "vehicles", never, "POST">', gave the following error.
    Type '{ year_from: number | null; year_to: number | null; brand: string; model: string; engine_type: string; body_type: string; notes: string; }' is not assignable to type 'never'.
src/components/warehouse/LayoutConfigPanel.tsx(114,29): error TS2345: Argument of type '{ updated_at: string; position_columns: number; cell_width: number; cell_height: number; child_layout: string; child_columns: number; child_width: number; collapsible: boolean; display_type: string; }' is not assignable to parameter of type 'never'.
src/components/warehouse/LayoutConfigPanel.tsx(125,22): error TS2769: No overload matches this call.
  Overload 1 of 2, '(values: never, options?: { count?: "exact" | "planned" | "estimated" | undefined; } | undefined): PostgrestFilterBuilder<{ PostgrestVersion: "12"; }, never, never, null, "zone_layouts", never, "POST">', gave the following error.
    Argument of type '{ updated_at: string; position_columns: number; cell_width: number; cell_height: number; child_layout: string; child_columns: number; child_width: number; collapsible: boolean; display_type: string; zone_id: string; }' is not assignable to parameter of type 'never'.
  Overload 2 of 2, '(values: never[], options?: { count?: "exact" | "planned" | "estimated" | undefined; defaultToNull?: boolean | undefined; } | undefined): PostgrestFilterBuilder<{ PostgrestVersion: "12"; }, never, never, null, "zone_layouts", never, "POST">', gave the following error.
    Object literal may only specify known properties, and 'zone_id' does not exist in type 'never[]'.
src/components/warehouse/LayoutConfigPanel.tsx(161,33): error TS2345: Argument of type '{ updated_at: string; position_columns: number; cell_width: number; cell_height: number; child_layout: string; child_columns: number; child_width: number; collapsible: boolean; display_type: string; }' is not assignable to parameter of type 'never'.
src/components/warehouse/LayoutConfigPanel.tsx(162,44): error TS2339: Property 'id' does not exist on type 'never'.
src/components/warehouse/LayoutConfigPanel.tsx(170,26): error TS2769: No overload matches this call.
  Overload 1 of 2, '(values: never, options?: { count?: "exact" | "planned" | "estimated" | undefined; } | undefined): PostgrestFilterBuilder<{ PostgrestVersion: "12"; }, never, never, null, "zone_layouts", never, "POST">', gave the following error.
    Argument of type '{ position_columns: number; cell_width: number; cell_height: number; child_layout: string; child_columns: number; child_width: number; collapsible: boolean; display_type: string; zone_id: string; }' is not assignable to parameter of type 'never'.
  Overload 2 of 2, '(values: never[], options?: { count?: "exact" | "planned" | "estimated" | undefined; defaultToNull?: boolean | undefined; } | undefined): PostgrestFilterBuilder<{ PostgrestVersion: "12"; }, never, never, null, "zone_layouts", never, "POST">', gave the following error.
    Object literal may only specify known properties, and 'zone_id' does not exist in type 'never[]'.
src/components/warehouse/PositionBatchCreator.tsx(56,32): error TS2339: Property 'batch_name' does not exist on type 'never'.
src/components/warehouse/PositionBatchCreator.tsx(134,71): error TS2769: No overload matches this call.
  Overload 1 of 2, '(values: never, options?: { count?: "exact" | "planned" | "estimated" | undefined; } | undefined): PostgrestFilterBuilder<{ PostgrestVersion: "12"; }, never, never, null, "positions", never, "POST">', gave the following error.
    Argument of type '{ code: string; display_order: number; batch_name: string; }[]' is not assignable to parameter of type 'never'.
  Overload 2 of 2, '(values: never[], options?: { count?: "exact" | "planned" | "estimated" | undefined; defaultToNull?: boolean | undefined; } | undefined): PostgrestFilterBuilder<{ PostgrestVersion: "12"; }, never, never, null, "positions", never, "POST">', gave the following error.
    Argument of type '{ code: string; display_order: number; batch_name: string; }[]' is not assignable to parameter of type 'never[]'.
      Type '{ code: string; display_order: number; batch_name: string; }' is not assignable to type 'never'.
src/components/warehouse/PositionBatchCreator.tsx(186,55): error TS2345: Argument of type '{ batch_name: string; }' is not assignable to parameter of type 'never'.
src/components/warehouse/PositionBatchCreator.tsx(215,21): error TS2345: Argument of type '{ code: string; }' is not assignable to parameter of type 'never'.
src/components/warehouse/ZoneAssignment.tsx(55,63): error TS2339: Property 'id' does not exist on type 'never'.
src/components/warehouse/ZoneAssignment.tsx(56,22): error TS2698: Spread types may only be created from object types.
src/components/warehouse/ZoneAssignment.tsx(101,72): error TS2769: No overload matches this call.
  Overload 1 of 2, '(values: never, options?: { count?: "exact" | "planned" | "estimated" | undefined; } | undefined): PostgrestFilterBuilder<{ PostgrestVersion: "12"; }, never, never, null, "zone_positions", never, "POST">', gave the following error.
    Argument of type '{ position_id: string; zone_id: string; }[]' is not assignable to parameter of type 'never'.
  Overload 2 of 2, '(values: never[], options?: { count?: "exact" | "planned" | "estimated" | undefined; defaultToNull?: boolean | undefined; } | undefined): PostgrestFilterBuilder<{ PostgrestVersion: "12"; }, never, never, null, "zone_positions", never, "POST">', gave the following error.
    Argument of type '{ position_id: string; zone_id: string; }[]' is not assignable to parameter of type 'never[]'.
      Type '{ position_id: string; zone_id: string; }' is not assignable to type 'never'.
src/components/warehouse/ZoneFilter.tsx(36,62): error TS2339: Property 'id' does not exist on type 'never'.
src/components/warehouse/ZoneManager.tsx(90,19): error TS2322: Type '{ id: string; code: string; display_order: number; batch_name: string; created_at: string; _status: "new"; }[]' is not assignable to type 'LocalPosition[]'.
  Property 'lot_id' is missing in type '{ id: string; code: string; display_order: number; batch_name: string; created_at: string; _status: "new"; }' but required in type 'LocalPosition'.
src/components/warehouse/ZoneManager.tsx(178,23): error TS2322: Type '{ id: string; code: string; display_order: number; batch_name: string; created_at: string; _status: "new"; }[]' is not assignable to type 'LocalPosition[]'.
  Property 'lot_id' is missing in type '{ id: string; code: string; display_order: number; batch_name: string; created_at: string; _status: "new"; }' but required in type 'LocalPosition'.
src/components/warehouse/ZoneManager.tsx(222,23): error TS2339: Property 'id' does not exist on type 'never'.
src/components/warehouse/ZoneManager.tsx(223,25): error TS2339: Property 'name' does not exist on type 'never'.
src/components/warehouse/ZoneManager.tsx(224,30): error TS2339: Property 'structure' does not exist on type 'never'.
src/components/warehouse/ZoneManager.tsx(225,30): error TS2339: Property 'created_at' does not exist on type 'never'.
src/components/warehouse/ZoneManager.tsx(241,58): error TS2698: Spread types may only be created from object types.
src/components/warehouse/ZoneManager.tsx(512,65): error TS2339: Property 'position_id' does not exist on type 'never'.
src/components/warehouse/ZoneManager.tsx(545,71): error TS2345: Argument of type '{ code: string; name: string; }' is not assignable to parameter of type 'never'.
src/components/warehouse/ZoneManager.tsx(560,71): error TS2769: No overload matches this call.
  Overload 1 of 2, '(values: never, options?: { count?: "exact" | "planned" | "estimated" | undefined; } | undefined): PostgrestFilterBuilder<{ PostgrestVersion: "12"; }, never, never, null, "zones", never, "POST">', gave the following error.
    Argument of type '{ id: string; code: string; name: string; parent_id: string | null; level: number; }[]' is not assignable to parameter of type 'never'.
  Overload 2 of 2, '(values: never[], options?: { count?: "exact" | "planned" | "estimated" | undefined; defaultToNull?: boolean | undefined; } | undefined): PostgrestFilterBuilder<{ PostgrestVersion: "12"; }, never, never, null, "zones", never, "POST">', gave the following error.
    Argument of type '{ id: string; code: string; name: string; parent_id: string | null; level: number; }[]' is not assignable to parameter of type 'never[]'.
      Type '{ id: string; code: string; name: string; parent_id: string | null; level: number; }' is not assignable to type 'never'.
src/components/warehouse/ZoneManager.tsx(578,75): error TS2345: Argument of type '{ code: string; }' is not assignable to parameter of type 'never'.
src/components/warehouse/ZoneManager.tsx(595,89): error TS2769: No overload matches this call.
  Overload 1 of 2, '(values: never, options?: { count?: "exact" | "planned" | "estimated" | undefined; } | undefined): PostgrestFilterBuilder<{ PostgrestVersion: "12"; }, never, never, null, "positions", never, "POST">', gave the following error.
    Argument of type '{ id: string; code: string; display_order: number; batch_name: string | null; }[]' is not assignable to parameter of type 'never'.
  Overload 2 of 2, '(values: never[], options?: { count?: "exact" | "planned" | "estimated" | undefined; defaultToNull?: boolean | undefined; } | undefined): PostgrestFilterBuilder<{ PostgrestVersion: "12"; }, never, never, null, "positions", never, "POST">', gave the following error.
    Argument of type '{ id: string; code: string; display_order: number; batch_name: string | null; }[]' is not assignable to parameter of type 'never[]'.
      Type '{ id: string; code: string; display_order: number; batch_name: string | null; }' is not assignable to type 'never'.
src/components/warehouse/ZoneManager.tsx(603,95): error TS2769: No overload matches this call.
  Overload 1 of 2, '(values: never, options?: { count?: "exact" | "planned" | "estimated" | undefined; } | undefined): PostgrestFilterBuilder<{ PostgrestVersion: "12"; }, never, never, null, "zone_positions", never, "POST">', gave the following error.
    Argument of type '{ zone_id: string; position_id: string; }[]' is not assignable to parameter of type 'never'.
  Overload 2 of 2, '(values: never[], options?: { count?: "exact" | "planned" | "estimated" | undefined; defaultToNull?: boolean | undefined; } | undefined): PostgrestFilterBuilder<{ PostgrestVersion: "12"; }, never, never, null, "zone_positions", never, "POST">', gave the following error.
    Argument of type '{ zone_id: string; position_id: string; }[]' is not assignable to parameter of type 'never[]'.
      Type '{ zone_id: string; position_id: string; }' is not assignable to type 'never'.
src/components/warehouse/ZoneManager.tsx(649,14): error TS2769: No overload matches this call.
  Overload 1 of 2, '(values: never, options?: { count?: "exact" | "planned" | "estimated" | undefined; } | undefined): PostgrestFilterBuilder<{ PostgrestVersion: "12"; }, never, never, null, "zone_templates", never, "POST">', gave the following error.
    Argument of type '{ name: string; structure: TemplateNode; }[]' is not assignable to parameter of type 'never'.
  Overload 2 of 2, '(values: never[], options?: { count?: "exact" | "planned" | "estimated" | undefined; defaultToNull?: boolean | undefined; } | undefined): PostgrestFilterBuilder<{ PostgrestVersion: "12"; }, never, never, null, "zone_templates", never, "POST">', gave the following error.
    Type '{ name: string; structure: TemplateNode; }' is not assignable to type 'never'.
